<?xml version="1.0" encoding="UTF-8"?>
<testng-results skipped="0" failed="0" ignored="0" total="1" passed="1">
  <reporter-output>
  </reporter-output>
  <suite name="Suite" duration-ms="21714" started-at="2020-03-26T07:43:49Z" finished-at="2020-03-26T07:44:10Z">
    <groups>
    </groups>
    <test name="Test" duration-ms="21714" started-at="2020-03-26T07:43:49Z" finished-at="2020-03-26T07:44:10Z">
      <class name="demoSample.DemoTest">
        <test-method status="PASS" signature="m()[pri:0, instance:demoSample.DemoTest@7c30a502]" name="m" duration-ms="21638" started-at="2020-03-26T13:13:49Z" finished-at="2020-03-26T13:14:10Z">
          <reporter-output>
          </reporter-output>
        </test-method> <!-- m -->
      </class> <!-- demoSample.DemoTest -->
    </test> <!-- Test -->
  </suite> <!-- Suite -->
</testng-results>
